#-----------------------------------------------------------
# Vivado v2018.2 (64-bit)
# SW Build 2258646 on Thu Jun 14 20:02:38 MDT 2018
# IP Build 2256618 on Thu Jun 14 22:10:49 MDT 2018
# Start of session at: Wed Jul 16 17:04:02 2025
# Process ID: 103643
# Current directory: /home/user/Work/MEDS/rv-workshop/project/logs
# Command line: vivado
# Log file: /home/user/Work/MEDS/rv-workshop/project/logs/vivado.log
# Journal file: /home/user/Work/MEDS/rv-workshop/project/logs/vivado.jou
#-----------------------------------------------------------
start_gui
create_project riscv /home/user/Work/MEDS/rv-workshop/project/logs/riscv -part xc7a100tcsg324-1
INFO: [IP_Flow 19-234] Refreshing IP repositories
INFO: [IP_Flow 19-1704] No user IP repositories specified
INFO: [IP_Flow 19-2313] Loaded Vivado IP repository '/home/user/Tools/Vivado/Vivado/2018.2/data/ip'.
create_project: Time (s): cpu = 00:00:19 ; elapsed = 00:00:07 . Memory (MB): peak = 6178.469 ; gain = 45.484 ; free physical = 1782 ; free virtual = 17269
set_property board_part digilentinc.com:nexys-a7-100t:part0:1.3 [current_project]
add_files -norecurse -scan_for_includes /home/user/Work/MEDS/rv-workshop/project/rtl/pc.sv
import_files -norecurse /home/user/Work/MEDS/rv-workshop/project/rtl/pc.sv
update_compile_order -fileset sources_1
set_property SOURCE_SET sources_1 [get_filesets sim_1]
add_files -fileset sim_1 -norecurse -scan_for_includes /home/user/Work/MEDS/rv-workshop/project/verif/tb_pc.sv
import_files -fileset sim_1 -norecurse /home/user/Work/MEDS/rv-workshop/project/verif/tb_pc.sv
update_compile_order -fileset sim_1
update_compile_order -fileset sim_1
file mkdir /home/user/Work/MEDS/rv-workshop/project/logs/riscv/riscv.srcs/sim_1/new
